<?xml version="1.0" encoding="UTF-8"?>
<!-- Generated by org.testng.reporters.JUnitReportReporter -->
<testsuite skipped="0" hostname="LAPTOP-ED3B4Q90" name="one.FilterIncidents" tests="1" failures="0" timestamp="2022-05-21T05:27:16 IST" time="4.139" errors="0">
  <testcase name="filter" time="4.139" classname="one.FilterIncidents"/>
  <system-out/>
</testsuite> <!-- one.FilterIncidents -->
