<?xml version="1.0" encoding="UTF-8"?>
<!-- Generated by org.testng.reporters.JUnitReportReporter -->
<testsuite skipped="0" hostname="LAPTOP-ED3B4Q90" name="mocking.CreateIncident" tests="1" failures="0" timestamp="2022-07-16T07:23:09 IST" time="1.954" errors="0">
  <testcase name="incidentCreation" time="1.954" classname="mocking.CreateIncident"/>
  <system-out/>
</testsuite> <!-- mocking.CreateIncident -->
