<?xml version="1.0" encoding="UTF-8"?>
<!-- Generated by org.testng.reporters.JUnitReportReporter -->
<testsuite hostname="LAPTOP-ED3B4Q90" failures="0" tests="1" name="one.LearnRecorder" time="1.761" errors="0" timestamp="2022-05-15T05:51:32 IST" skipped="0">
  <testcase classname="one.LearnRecorder" name="incidentCreation" time="1.761"/>
  <system-out/>
</testsuite> <!-- one.LearnRecorder -->
