<?xml version="1.0" encoding="UTF-8"?>
<!-- Generated by org.testng.reporters.JUnitReportReporter -->
<testsuite skipped="0" hostname="LAPTOP-ED3B4Q90" name="mocking.LearnTemplate" tests="1" failures="0" timestamp="2022-07-16T07:50:48 IST" time="2.068" errors="0">
  <testcase name="incidentCreation" time="2.068" classname="mocking.LearnTemplate"/>
  <system-out/>
</testsuite> <!-- mocking.LearnTemplate -->
