<?xml version="1.0" encoding="UTF-8"?>
<!-- Generated by org.testng.reporters.JUnitReportReporter -->
<testsuite hostname="LAPTOP-ED3B4Q90" failures="0" tests="1" name="one.LearnTemplate" time="2.589" errors="0" timestamp="2022-05-15T05:58:39 IST" skipped="0">
  <testcase classname="one.LearnTemplate" name="incidentCreation" time="2.589"/>
  <system-out/>
</testsuite> <!-- one.LearnTemplate -->
