<?xml version="1.0" encoding="UTF-8"?>
<!-- Generated by org.testng.reporters.JUnitReportReporter -->
<testsuite skipped="0" hostname="LAPTOP-ED3B4Q90" name="one.CreateIncident" tests="1" failures="0" timestamp="2022-05-15T07:51:42 IST" time="1.023" errors="0">
  <testcase name="incidentCreation" time="1.023" classname="one.CreateIncident"/>
  <system-out/>
</testsuite> <!-- one.CreateIncident -->
