<?xml version="1.0" encoding="UTF-8"?>
<!-- Generated by org.testng.reporters.JUnitReportReporter -->
<testsuite skipped="0" hostname="LAPTOP-ED3B4Q90" name="mock.LearnRecorder" tests="1" failures="0" timestamp="2022-05-15T11:09:20 IST" time="0.941" errors="0">
  <testcase name="incidentCreation" time="0.941" classname="mock.LearnRecorder"/>
  <system-out/>
</testsuite> <!-- mock.LearnRecorder -->
