<?xml version="1.0" encoding="UTF-8"?>
<!-- Generated by org.testng.reporters.JUnitReportReporter -->
<testsuite skipped="0" hostname="LAPTOP-ED3B4Q90" name="one.FromGithub" tests="1" failures="0" timestamp="2022-05-21T11:11:13 IST" time="1.377" errors="0">
  <testcase name="getDetails" time="1.377" classname="one.FromGithub"/>
  <system-out/>
</testsuite> <!-- one.FromGithub -->
